<?xml version="1.0" encoding="UTF-8"?>
<testng-results ignored="0" total="1" passed="1" failed="0" skipped="0">
  <reporter-output>
  </reporter-output>
  <suite started-at="2022-12-21T13:06:17 IST" name="Default suite" finished-at="2022-12-21T13:06:34 IST" duration-ms="17601">
    <groups>
    </groups>
    <test started-at="2022-12-21T13:06:17 IST" name="Default test" finished-at="2022-12-21T13:06:34 IST" duration-ms="17601">
      <class name="scripts.ValidLogin">
        <test-method is-config="true" signature="createReport()[pri:0, instance:scripts.ValidLogin@2b71e916]" started-at="2022-12-21T13:06:17 IST" name="createReport" finished-at="2022-12-21T13:06:17 IST" duration-ms="221" status="PASS">
          <reporter-output>
          </reporter-output>
        </test-method> <!-- createReport -->
        <test-method is-config="true" signature="openApp(java.lang.String,java.lang.reflect.Method)[pri:0, instance:scripts.ValidLogin@2b71e916]" started-at="2022-12-21T13:06:17 IST" name="openApp" finished-at="2022-12-21T13:06:28 IST" duration-ms="11085" status="PASS">
          <params>
            <param index="0">
              <value>
                <![CDATA[base.properties]]>
              </value>
            </param>
            <param index="1">
              <value>
                <![CDATA[public void scripts.ValidLogin.testValidLogin()]]>
              </value>
            </param>
          </params>
          <reporter-output>
          </reporter-output>
        </test-method> <!-- openApp -->
        <test-method signature="testValidLogin()[pri:1, instance:scripts.ValidLogin@2b71e916]" started-at="2022-12-21T13:06:28 IST" name="testValidLogin" finished-at="2022-12-21T13:06:34 IST" duration-ms="6017" status="PASS">
          <reporter-output>
          </reporter-output>
        </test-method> <!-- testValidLogin -->
        <test-method is-config="true" signature="closeApp(org.testng.ITestResult)[pri:0, instance:scripts.ValidLogin@2b71e916]" started-at="2022-12-21T13:06:34 IST" name="closeApp" finished-at="2022-12-21T13:06:34 IST" duration-ms="453" status="PASS">
          <params>
            <param index="0">
              <value>
                <![CDATA[[TestResult name=testValidLogin status=SUCCESS method=ValidLogin.testValidLogin()[pri:1, instance:scripts.ValidLogin@2b71e916] output={null}]]]>
              </value>
            </param>
          </params>
          <reporter-output>
          </reporter-output>
        </test-method> <!-- closeApp -->
        <test-method is-config="true" signature="publishReport()[pri:0, instance:scripts.ValidLogin@2b71e916]" started-at="2022-12-21T13:06:35 IST" name="publishReport" finished-at="2022-12-21T13:06:35 IST" duration-ms="423" status="PASS">
          <reporter-output>
          </reporter-output>
        </test-method> <!-- publishReport -->
      </class> <!-- scripts.ValidLogin -->
    </test> <!-- Default test -->
  </suite> <!-- Default suite -->
</testng-results>
